<?xml version="1.0" encoding="UTF-8"?>
<testsuite xmlns:xsi="http://www.w3.org/2001/XMLSchema-instance" xsi:noNamespaceSchemaLocation="https://maven.apache.org/surefire/maven-surefire-plugin/xsd/surefire-test-report-3.0.xsd" version="3.0" name="com.bansikah.quizapp.QuestionDAOTest" time="12.431" tests="4" errors="0" skipped="0" failures="0">
  <properties>
[...]
</properties>
  <testcase name="testUpdateQuestion" classname="com.bansikah.quizapp.QuestionDAOTest" time="0.963">
    <system-out><![CDATA[21:25:03.217 [main] INFO org.springframework.test.context.support.AnnotationConfigContextLoaderUtils -- Could not detect default configuration classes for test class [com.bansikah.quizapp.QuestionDAOTest]: QuestionDAOTest does not declare any static, non-private, non-final, nested classes annotated with @Configuration.
21:25:03.380 [main] INFO org.springframework.boot.test.context.SpringBootTestContextBootstrapper -- Found @SpringBootConfiguration com.bansikah.quizapp.QuizappApplication for test class com.bansikah.quizapp.QuestionDAOTest

  .   ____          _            __ _ _
 /\\ / ___'_ __ _ _(_)_ __  __ _ \ \ \ \
( ( )\___ | '_ | '_| | '_ \/ _` | \ \ \ \
 \\/  ___)| |_)| | | | | || (_| |  ) ) ) )
  '  |____| .__|_| |_|_| |_\__, | / / / /
 =========|_|==============|___/=/_/_/_/
 :: Spring Boot ::                (v3.2.4)

2024-04-06T21:25:03.929+01:00  INFO 59958 --- [quizapp] [           main] com.bansikah.quizapp.QuestionDAOTest     : Starting QuestionDAOTest using Java 21.0.2 with PID 59958 (started by studentaccount in /Users/studentaccount/Desktop/praticeProjects/learning/spring-boot/quiz-app-spring-boot)
2024-04-06T21:25:03.930+01:00  INFO 59958 --- [quizapp] [           main] com.bansikah.quizapp.QuestionDAOTest     : No active profile set, falling back to 1 default profile: "default"
2024-04-06T21:25:04.594+01:00  INFO 59958 --- [quizapp] [           main] .s.d.r.c.RepositoryConfigurationDelegate : Bootstrapping Spring Data JPA repositories in DEFAULT mode.
2024-04-06T21:25:04.671+01:00  INFO 59958 --- [quizapp] [           main] .s.d.r.c.RepositoryConfigurationDelegate : Finished Spring Data repository scanning in 67 ms. Found 2 JPA repository interfaces.
2024-04-06T21:25:04.758+01:00  INFO 59958 --- [quizapp] [           main] beddedDataSourceBeanFactoryPostProcessor : Replacing 'dataSource' DataSource bean with embedded version
2024-04-06T21:25:05.021+01:00  INFO 59958 --- [quizapp] [           main] o.s.j.d.e.EmbeddedDatabaseFactory        : Starting embedded database: url='jdbc:h2:mem:a91d789b-7f99-48e8-a834-4ca3f79522a1;DB_CLOSE_DELAY=-1;DB_CLOSE_ON_EXIT=false', username='sa'
2024-04-06T21:25:05.514+01:00  INFO 59958 --- [quizapp] [           main] liquibase.database                       : Set default schema name to PUBLIC
2024-04-06T21:25:06.088+01:00  INFO 59958 --- [quizapp] [           main] liquibase.changelog                      : Creating database history table with name: PUBLIC.DATABASECHANGELOG
2024-04-06T21:25:11.231+01:00  INFO 59958 --- [quizapp] [           main] liquibase.changelog                      : Reading from PUBLIC.DATABASECHANGELOG
2024-04-06T21:25:11.305+01:00  INFO 59958 --- [quizapp] [           main] liquibase.lockservice                    : Successfully acquired change log lock
2024-04-06T21:25:11.306+01:00  INFO 59958 --- [quizapp] [           main] liquibase.command                        : Using deploymentId: 2435111306
2024-04-06T21:25:11.308+01:00  INFO 59958 --- [quizapp] [           main] liquibase.changelog                      : Reading from PUBLIC.DATABASECHANGELOG
Running Changeset: db/changelog/changelog_v1.yaml::001-changelog_v1-questions-table::bansikah
2024-04-06T21:25:11.510+01:00  INFO 59958 --- [quizapp] [           main] liquibase.changelog                      : Table questions created
2024-04-06T21:25:11.511+01:00  INFO 59958 --- [quizapp] [           main] liquibase.changelog                      : ChangeSet db/changelog/changelog_v1.yaml::001-changelog_v1-questions-table::bansikah ran successfully in 12ms
2024-04-06T21:25:11.526+01:00  INFO 59958 --- [quizapp] [           main] liquibase.util                           : UPDATE SUMMARY
2024-04-06T21:25:11.527+01:00  INFO 59958 --- [quizapp] [           main] liquibase.util                           : Run:                          1
2024-04-06T21:25:11.528+01:00  INFO 59958 --- [quizapp] [           main] liquibase.util                           : Previously run:               0
2024-04-06T21:25:11.528+01:00  INFO 59958 --- [quizapp] [           main] liquibase.util                           : Filtered out:                 0
2024-04-06T21:25:11.528+01:00  INFO 59958 --- [quizapp] [           main] liquibase.util                           : -------------------------------
2024-04-06T21:25:11.528+01:00  INFO 59958 --- [quizapp] [           main] liquibase.util                           : Total change sets:            1
2024-04-06T21:25:11.528+01:00  INFO 59958 --- [quizapp] [           main] liquibase.util                           : Update summary generated
2024-04-06T21:25:11.532+01:00  INFO 59958 --- [quizapp] [           main] liquibase.command                        : Update command completed successfully.
Liquibase: Update has been successful. Rows affected: 1
2024-04-06T21:25:11.535+01:00  INFO 59958 --- [quizapp] [           main] liquibase.lockservice                    : Successfully released change log lock
2024-04-06T21:25:11.535+01:00  INFO 59958 --- [quizapp] [           main] liquibase.command                        : Command execution complete
2024-04-06T21:25:11.701+01:00  INFO 59958 --- [quizapp] [           main] o.hibernate.jpa.internal.util.LogHelper  : HHH000204: Processing PersistenceUnitInfo [name: default]
2024-04-06T21:25:11.790+01:00  INFO 59958 --- [quizapp] [           main] org.hibernate.Version                    : HHH000412: Hibernate ORM core version 6.4.4.Final
2024-04-06T21:25:11.844+01:00  INFO 59958 --- [quizapp] [           main] o.h.c.internal.RegionFactoryInitiator    : HHH000026: Second-level cache disabled
2024-04-06T21:25:12.180+01:00  INFO 59958 --- [quizapp] [           main] o.s.o.j.p.SpringPersistenceUnitInfo      : No LoadTimeWeaver setup: ignoring JPA class transformer
2024-04-06T21:25:13.473+01:00  INFO 59958 --- [quizapp] [           main] o.h.e.t.j.p.i.JtaPlatformInitiator       : HHH000489: No JTA platform available (set 'hibernate.transaction.jta.platform' to enable JTA platform integration)
Hibernate: alter table if exists questions alter column id set data type integer
Hibernate: alter table if exists questions add column category varchar(255)
Hibernate: alter table if exists questions add column difficulty_level varchar(255)
Hibernate: alter table if exists questions add column question_title varchar(255)
Hibernate: alter table if exists questions add column right_answer varchar(255)
Hibernate: create table quiz (id integer not null, title varchar(255), primary key (id))
Hibernate: create table quiz_questions (quiz_id integer not null, questions_id integer not null)
Hibernate: create sequence questions_seq start with 1 increment by 50
Hibernate: create sequence quiz_seq start with 1 increment by 50
Hibernate: alter table if exists quiz_questions add constraint FKic0yqymfi0xkinto1hoo0l5sj foreign key (questions_id) references questions
Hibernate: alter table if exists quiz_questions add constraint FKcgp9e1c6ww3t383aui4w8feae foreign key (quiz_id) references quiz
2024-04-06T21:25:13.618+01:00  INFO 59958 --- [quizapp] [           main] j.LocalContainerEntityManagerFactoryBean : Initialized JPA EntityManagerFactory for persistence unit 'default'
2024-04-06T21:25:14.124+01:00  INFO 59958 --- [quizapp] [           main] o.s.d.j.r.query.QueryEnhancerFactory     : Hibernate is in classpath; If applicable, HQL parser will be used.
2024-04-06T21:25:14.178+01:00  INFO 59958 --- [quizapp] [           main] com.bansikah.quizapp.QuestionDAOTest     : Started QuestionDAOTest in 10.7 seconds (process running for 12.26)
Hibernate: select q1_0.id,q1_0.category,q1_0.difficulty_level,q1_0.option1,q1_0.option2,q1_0.option3,q1_0.option4,q1_0.question_title,q1_0.right_answer from questions q1_0 where q1_0.id=?
Hibernate: select next value for questions_seq
]]></system-out>
    <system-err><![CDATA[WARNING: A Java agent has been loaded dynamically (/Users/studentaccount/.m2/repository/net/bytebuddy/byte-buddy-agent/1.14.12/byte-buddy-agent-1.14.12.jar)
WARNING: If a serviceability tool is in use, please run with -XX:+EnableDynamicAgentLoading to hide this warning
WARNING: If a serviceability tool is not in use, please run with -Djdk.instrument.traceUsage for more information
WARNING: Dynamic loading of agents will be disallowed by default in a future release
]]></system-err>
  </testcase>
  <testcase name="testFindQuestionsByCategory" classname="com.bansikah.quizapp.QuestionDAOTest" time="0.108">
    <system-out><![CDATA[Hibernate: select q1_0.id,q1_0.category,q1_0.difficulty_level,q1_0.option1,q1_0.option2,q1_0.option3,q1_0.option4,q1_0.question_title,q1_0.right_answer from questions q1_0 where q1_0.category=?
]]></system-out>
  </testcase>
  <testcase name="testSaveQuestion" classname="com.bansikah.quizapp.QuestionDAOTest" time="0.008">
    <system-out><![CDATA[Hibernate: select q1_0.id,q1_0.category,q1_0.difficulty_level,q1_0.option1,q1_0.option2,q1_0.option3,q1_0.option4,q1_0.question_title,q1_0.right_answer from questions q1_0 where q1_0.id=?
Hibernate: select next value for questions_seq
]]></system-out>
  </testcase>
  <testcase name="testDeleteQuestion" classname="com.bansikah.quizapp.QuestionDAOTest" time="0.015">
    <system-out><![CDATA[Hibernate: select q1_0.id,q1_0.category,q1_0.difficulty_level,q1_0.option1,q1_0.option2,q1_0.option3,q1_0.option4,q1_0.question_title,q1_0.right_answer from questions q1_0 where q1_0.id=?
Hibernate: select q1_0.id,q1_0.category,q1_0.difficulty_level,q1_0.option1,q1_0.option2,q1_0.option3,q1_0.option4,q1_0.question_title,q1_0.right_answer from questions q1_0 where q1_0.id=?
Hibernate: select q1_0.id,q1_0.category,q1_0.difficulty_level,q1_0.option1,q1_0.option2,q1_0.option3,q1_0.option4,q1_0.question_title,q1_0.right_answer from questions q1_0 where q1_0.id=?
]]></system-out>
  </testcase>
</testsuite>